<?xml version="1.0" encoding="UTF-8"?>
<robot generator="Robot 3.2.2 (Python 3.9.1 on win32)" generated="20211113 13:31:44.907" rpa="false">
<suite id="s1" name="flipkartAmazon" source="C:\thivirepository\Robot Try\flipkartAmazon.robot">
<test id="s1-t1" name="TC_001 Check the price of a product in flipkart">
<kw name="Open Browser" library="SeleniumLibrary">
<doc>Opens a new browser instance to the optional ``url``.</doc>
<arguments>
<arg>${flipkart}</arg>
<arg>${Browser}</arg>
</arguments>
<msg timestamp="20211113 13:31:45.223" level="INFO">Opening browser 'Chrome' to base url 'https://www.flipkart.com/'.</msg>
<status status="PASS" starttime="20211113 13:31:45.221" endtime="20211113 13:31:52.120"></status>
</kw>
<kw name="Maximize Browser Window" library="SeleniumLibrary">
<doc>Maximizes current browser window.</doc>
<status status="PASS" starttime="20211113 13:31:52.121" endtime="20211113 13:31:52.251"></status>
</kw>
<kw name="Set Selenium Speed" library="SeleniumLibrary">
<doc>Sets the delay that is waited after each Selenium command.</doc>
<arguments>
<arg>1 seconds</arg>
</arguments>
<status status="PASS" starttime="20211113 13:31:52.252" endtime="20211113 13:31:52.252"></status>
</kw>
<kw name="Login to flipkart" library="resources1">
<kw name="Input Text" library="SeleniumLibrary">
<doc>Types the given ``text`` into the text field identified by ``locator``.</doc>
<arguments>
<arg>xpath://input[@class='_2IX_2- VJZDxU']</arg>
<arg>9965821897</arg>
</arguments>
<msg timestamp="20211113 13:31:52.256" level="INFO">Typing text '9965821897' into text field 'xpath://input[@class='_2IX_2- VJZDxU']'.</msg>
<status status="PASS" starttime="20211113 13:31:52.255" endtime="20211113 13:31:55.422"></status>
</kw>
<kw name="Input Text" library="SeleniumLibrary">
<doc>Types the given ``text`` into the text field identified by ``locator``.</doc>
<arguments>
<arg>xpath://input[@class='_2IX_2- _3mctLh VJZDxU']</arg>
<arg>IVID2231424</arg>
</arguments>
<msg timestamp="20211113 13:31:55.423" level="INFO">Typing text 'IVID2231424' into text field 'xpath://input[@class='_2IX_2- _3mctLh VJZDxU']'.</msg>
<status status="PASS" starttime="20211113 13:31:55.422" endtime="20211113 13:31:58.584"></status>
</kw>
<kw name="Click Button" library="SeleniumLibrary">
<doc>Clicks the button identified by ``locator``.</doc>
<arguments>
<arg>xpath://button[@class='_2KpZ6l _2HKlqd _3AWRsL' and @type='submit']</arg>
</arguments>
<msg timestamp="20211113 13:31:58.585" level="INFO">Clicking button 'xpath://button[@class='_2KpZ6l _2HKlqd _3AWRsL' and @type='submit']'.</msg>
<status status="PASS" starttime="20211113 13:31:58.584" endtime="20211113 13:32:03.743"></status>
</kw>
<status status="PASS" starttime="20211113 13:31:52.254" endtime="20211113 13:32:03.744"></status>
</kw>
<kw name="Search product in flipkart" library="resources1">
<kw name="Input Text" library="SeleniumLibrary">
<doc>Types the given ``text`` into the text field identified by ``locator``.</doc>
<arguments>
<arg>xpath://input[@class='_3704LK']</arg>
<arg>Redmi note lite 10 4GB RAM + 64GB Storage</arg>
</arguments>
<msg timestamp="20211113 13:32:03.746" level="INFO">Typing text 'Redmi note lite 10 4GB RAM + 64GB Storage' into text field 'xpath://input[@class='_3704LK']'.</msg>
<status status="PASS" starttime="20211113 13:32:03.745" endtime="20211113 13:32:10.081"></status>
</kw>
<kw name="Click Button" library="SeleniumLibrary">
<doc>Clicks the button identified by ``locator``.</doc>
<arguments>
<arg>xpath://button[@type='submit' and @class='L0Z3Pu']</arg>
</arguments>
<msg timestamp="20211113 13:32:10.083" level="INFO">Clicking button 'xpath://button[@type='submit' and @class='L0Z3Pu']'.</msg>
<status status="PASS" starttime="20211113 13:32:10.082" endtime="20211113 13:32:15.344"></status>
</kw>
<kw name="Get Title" library="SeleniumLibrary">
<doc>Returns the title of the current page.</doc>
<assign>
<var>${title1}</var>
</assign>
<msg timestamp="20211113 13:32:16.356" level="INFO">${title1} = Online Shopping Site for Mobiles, Electronics, Furniture, Grocery, Lifestyle, Books &amp; More. Best Offers!</msg>
<status status="PASS" starttime="20211113 13:32:15.345" endtime="20211113 13:32:16.357"></status>
</kw>
<kw name="Log To Console" library="BuiltIn">
<doc>Logs the given message to the console.</doc>
<arguments>
<arg>${title1}</arg>
</arguments>
<status status="PASS" starttime="20211113 13:32:16.357" endtime="20211113 13:32:16.359"></status>
</kw>
<status status="PASS" starttime="20211113 13:32:03.744" endtime="20211113 13:32:16.359"></status>
</kw>
<kw name="Verify the product spec and get the price in flipkart" library="resources1">
<kw name="Click Element" library="SeleniumLibrary">
<doc>Click the element identified by ``locator``.</doc>
<arguments>
<arg>xpath://div[contains(text(),'REDMI Note 10')]</arg>
</arguments>
<msg timestamp="20211113 13:32:16.362" level="INFO">Clicking element 'xpath://div[contains(text(),'REDMI Note 10')]'.</msg>
<kw name="Capture Page Screenshot" library="SeleniumLibrary">
<doc>Takes a screenshot of the current page and embeds it into a log file.</doc>
<msg timestamp="20211113 13:32:18.600" level="INFO" html="yes">&lt;/td&gt;&lt;/tr&gt;&lt;tr&gt;&lt;td colspan="3"&gt;&lt;a href="selenium-screenshot-8.png"&gt;&lt;img src="selenium-screenshot-8.png" width="800px"&gt;&lt;/a&gt;</msg>
<status status="PASS" starttime="20211113 13:32:17.420" endtime="20211113 13:32:18.600"></status>
</kw>
<msg timestamp="20211113 13:32:18.604" level="FAIL">Element with locator 'xpath://div[contains(text(),'REDMI Note 10')]' not found.</msg>
<status status="FAIL" starttime="20211113 13:32:16.361" endtime="20211113 13:32:18.604"></status>
</kw>
<status status="FAIL" starttime="20211113 13:32:16.360" endtime="20211113 13:32:18.605"></status>
</kw>
<status status="FAIL" starttime="20211113 13:31:45.219" endtime="20211113 13:32:18.606" critical="yes">Element with locator 'xpath://div[contains(text(),'REDMI Note 10')]' not found.</status>
</test>
<test id="s1-t2" name="TC_002 Check the price of a product in Amazon">
<kw name="Open Browser" library="SeleniumLibrary">
<doc>Opens a new browser instance to the optional ``url``.</doc>
<arguments>
<arg>${amazon}</arg>
<arg>${Browser}</arg>
</arguments>
<msg timestamp="20211113 13:32:18.611" level="INFO">Opening browser 'Chrome' to base url 'https://www.amazon.in/'.</msg>
<status status="PASS" starttime="20211113 13:32:18.610" endtime="20211113 13:32:33.209"></status>
</kw>
<kw name="Maximize Browser Window" library="SeleniumLibrary">
<doc>Maximizes current browser window.</doc>
<status status="PASS" starttime="20211113 13:32:33.211" endtime="20211113 13:32:34.364"></status>
</kw>
<kw name="Set Selenium Speed" library="SeleniumLibrary">
<doc>Sets the delay that is waited after each Selenium command.</doc>
<arguments>
<arg>1 seconds</arg>
</arguments>
<status status="PASS" starttime="20211113 13:32:34.366" endtime="20211113 13:32:34.367"></status>
</kw>
<kw name="Login to amazon" library="resources1">
<kw name="Click Link" library="SeleniumLibrary">
<doc>Clicks a link identified by ``locator``.</doc>
<arguments>
<arg>id:nav-link-accountList</arg>
</arguments>
<msg timestamp="20211113 13:32:34.369" level="INFO">Clicking link 'id:nav-link-accountList'.</msg>
<status status="PASS" starttime="20211113 13:32:34.368" endtime="20211113 13:32:40.489"></status>
</kw>
<kw name="Input Text" library="SeleniumLibrary">
<doc>Types the given ``text`` into the text field identified by ``locator``.</doc>
<arguments>
<arg>id:ap_email</arg>
<arg>9965821897</arg>
</arguments>
<msg timestamp="20211113 13:32:40.490" level="INFO">Typing text '9965821897' into text field 'id:ap_email'.</msg>
<status status="PASS" starttime="20211113 13:32:40.489" endtime="20211113 13:32:43.639"></status>
</kw>
<kw name="Click Button" library="SeleniumLibrary">
<doc>Clicks the button identified by ``locator``.</doc>
<arguments>
<arg>id:continue</arg>
</arguments>
<msg timestamp="20211113 13:32:43.640" level="INFO">Clicking button 'id:continue'.</msg>
<status status="PASS" starttime="20211113 13:32:43.640" endtime="20211113 13:32:49.374"></status>
</kw>
<kw name="Input Text" library="SeleniumLibrary">
<doc>Types the given ``text`` into the text field identified by ``locator``.</doc>
<arguments>
<arg>id:ap_password</arg>
<arg>IVID2231424</arg>
</arguments>
<msg timestamp="20211113 13:32:49.376" level="INFO">Typing text 'IVID2231424' into text field 'id:ap_password'.</msg>
<status status="PASS" starttime="20211113 13:32:49.375" endtime="20211113 13:32:52.608"></status>
</kw>
<kw name="Click Button" library="SeleniumLibrary">
<doc>Clicks the button identified by ``locator``.</doc>
<arguments>
<arg>id:signInSubmit</arg>
</arguments>
<msg timestamp="20211113 13:32:52.609" level="INFO">Clicking button 'id:signInSubmit'.</msg>
<status status="PASS" starttime="20211113 13:32:52.609" endtime="20211113 13:32:55.822"></status>
</kw>
<status status="PASS" starttime="20211113 13:32:34.368" endtime="20211113 13:32:55.822"></status>
</kw>
<kw name="Search product in amazon" library="resources1">
<kw name="Input Text" library="SeleniumLibrary">
<doc>Types the given ``text`` into the text field identified by ``locator``.</doc>
<arguments>
<arg>id:twotabsearchtextbox</arg>
<arg>Redmi note lite 10 4GB RAM + 64GB Storage</arg>
</arguments>
<msg timestamp="20211113 13:32:55.823" level="INFO">Typing text 'Redmi note lite 10 4GB RAM + 64GB Storage' into text field 'id:twotabsearchtextbox'.</msg>
<status status="PASS" starttime="20211113 13:32:55.823" endtime="20211113 13:33:01.780"></status>
</kw>
<kw name="Click Button" library="SeleniumLibrary">
<doc>Clicks the button identified by ``locator``.</doc>
<arguments>
<arg>xpath://input[@id='nav-search-submit-button' and @type='submit']</arg>
</arguments>
<msg timestamp="20211113 13:33:01.781" level="INFO">Clicking button 'xpath://input[@id='nav-search-submit-button' and @type='submit']'.</msg>
<status status="PASS" starttime="20211113 13:33:01.780" endtime="20211113 13:33:07.633"></status>
</kw>
<status status="PASS" starttime="20211113 13:32:55.823" endtime="20211113 13:33:07.634"></status>
</kw>
<kw name="Verify the product spec and get the price in amazon" library="resources1">
<kw name="Click Element" library="SeleniumLibrary">
<doc>Click the element identified by ``locator``.</doc>
<arguments>
<arg>xpath:(//span[@class='a-size-medium a-color-base a-text-normal'])[1]</arg>
</arguments>
<msg timestamp="20211113 13:33:07.638" level="INFO">Clicking element 'xpath:(//span[@class='a-size-medium a-color-base a-text-normal'])[1]'.</msg>
<status status="PASS" starttime="20211113 13:33:07.637" endtime="20211113 13:33:09.913"></status>
</kw>
<kw name="Get Window Handles" library="SeleniumLibrary">
<doc>Returns all child window handles of the selected browser as a list.</doc>
<assign>
<var>${handles}</var>
</assign>
<msg timestamp="20211113 13:33:10.926" level="INFO">${handles} = ['CDwindow-3E15FC5AF94BD26A4C6C9D3023868BC2', 'CDwindow-FDA1E8E68686F2637316996BBBD2DD9F']</msg>
<status status="PASS" starttime="20211113 13:33:09.913" endtime="20211113 13:33:10.927"></status>
</kw>
<kw name="Switch Window" library="SeleniumLibrary">
<doc>Switches to browser window matching ``locator``.</doc>
<arguments>
<arg>${handles}[1]</arg>
</arguments>
<status status="PASS" starttime="20211113 13:33:10.927" endtime="20211113 13:33:20.066"></status>
</kw>
<kw name="Get Text" library="SeleniumLibrary">
<doc>Returns the text value of the element identified by ``locator``.</doc>
<arguments>
<arg>id:priceblock_ourprice</arg>
</arguments>
<assign>
<var>${Amazon Amount}</var>
</assign>
<msg timestamp="20211113 13:33:22.160" level="INFO">${Amazon Amount} = ₹12,999.00</msg>
<status status="PASS" starttime="20211113 13:33:20.066" endtime="20211113 13:33:22.161"></status>
</kw>
<kw name="Set Global Variable" library="BuiltIn">
<doc>Makes a variable available globally in all tests and suites.</doc>
<arguments>
<arg>${Amazon Amount}</arg>
</arguments>
<msg timestamp="20211113 13:33:22.163" level="INFO">${Amazon Amount} = ₹12,999.00</msg>
<status status="PASS" starttime="20211113 13:33:22.161" endtime="20211113 13:33:22.163"></status>
</kw>
<kw name="Log To Console" library="BuiltIn">
<doc>Logs the given message to the console.</doc>
<arguments>
<arg>${Amazon Amount}</arg>
</arguments>
<status status="PASS" starttime="20211113 13:33:22.163" endtime="20211113 13:33:22.165"></status>
</kw>
<status status="PASS" starttime="20211113 13:33:07.636" endtime="20211113 13:33:22.165"></status>
</kw>
<kw name="Close Browser" library="SeleniumLibrary">
<doc>Closes the current browser.</doc>
<status status="PASS" starttime="20211113 13:33:22.167" endtime="20211113 13:33:25.304"></status>
</kw>
<status status="PASS" starttime="20211113 13:32:18.609" endtime="20211113 13:33:25.305" critical="yes"></status>
</test>
<test id="s1-t3" name="TC_003 Compare the price between Flipkart and Amazon">
<kw name="Run Keyword If" library="BuiltIn">
<doc>Runs the given keyword with the given arguments, if ``condition`` is true.</doc>
<arguments>
<arg>'${Flipkart Amount}' &gt; '${Amazon Amount}'</arg>
<arg>Log to console</arg>
<arg>Amazon is cheaper</arg>
</arguments>
<msg timestamp="20211113 13:33:25.314" level="FAIL">Variable '${Flipkart Amount}' not found.</msg>
<status status="FAIL" starttime="20211113 13:33:25.312" endtime="20211113 13:33:25.314"></status>
</kw>
<status status="FAIL" starttime="20211113 13:33:25.309" endtime="20211113 13:33:25.315" critical="yes">Variable '${Flipkart Amount}' not found.</status>
</test>
<status status="FAIL" starttime="20211113 13:31:44.912" endtime="20211113 13:33:25.318"></status>
</suite>
<statistics>
<total>
<stat pass="1" fail="2">Critical Tests</stat>
<stat pass="1" fail="2">All Tests</stat>
</total>
<tag>
</tag>
<suite>
<stat pass="1" fail="2" id="s1" name="flipkartAmazon">flipkartAmazon</stat>
</suite>
</statistics>
<errors>
</errors>
</robot>
